{"name": "Logo presence on OrangeHRM home Page", "status": "failed", "statusDetails": {"message": "AssertionError\n", "trace": "  File \"/home/hasanefeavc/PycharmProjects/pythonProject/venv/lib/python3.10/site-packages/behave/model.py\", line 1329, in run\n    match.run(runner.context)\n  File \"/home/hasanefeavc/PycharmProjects/pythonProject/venv/lib/python3.10/site-packages/behave/matchers.py\", line 98, in run\n    self.func(context, *args, **kwargs)\n  File \"features/steps/logopresent.py\", line 22, in step_impl\n    assert status is False\n"}, "steps": [{"name": "Given Launch chrome browser", "status": "passed", "start": 1683270229292, "stop": 1683270230308}, {"name": "When open orange hrm homepage", "status": "passed", "start": 1683270230309, "stop": 1683270232834}, {"name": "Then verify that the logo present on page.", "status": "failed", "statusDetails": {"message": "AssertionError\n", "trace": "  File \"/home/hasanefeavc/PycharmProjects/pythonProject/venv/lib/python3.10/site-packages/behave/model.py\", line 1329, in run\n    match.run(runner.context)\n  File \"/home/hasanefeavc/PycharmProjects/pythonProject/venv/lib/python3.10/site-packages/behave/matchers.py\", line 98, in run\n    self.func(context, *args, **kwargs)\n  File \"features/steps/logopresent.py\", line 22, in step_impl\n    assert status is False\n"}, "start": 1683270232834, "stop": 1683270237844}, {"name": "And close. browser", "status": "skipped", "start": 1683270237845, "stop": 1683270237845}], "start": 1683270229292, "stop": 1683270237845, "uuid": "c8e145d3-7576-4aeb-9af6-087d730317fa", "historyId": "00dba6b678f851c3a78c4fce3d2ef9e1", "fullName": "OrangeHRM Login: Logo presence on OrangeHRM home Page", "labels": [{"name": "severity", "value": "normal"}, {"name": "feature", "value": "OrangeHRM Login"}, {"name": "framework", "value": "behave"}, {"name": "language", "value": "cpython3"}]}